This is pdfTeX, Version 3.14159265-2.6-1.40.21 (TeX Live 2020/Debian) (preloaded format=pdflatex 2021.12.6)  17 DEC 2021 09:52
entering extended mode
 restricted \write18 enabled.
 %&-line parsing enabled.
**output.tex
(/usr/share/texlive/texmf-dist/tex/latex/tools/q.tex
! Interruption.
<to be read again> 
                   \begingroup 
l.1 
    %%
? q
OK, entering \batchmode...
LaTeX2e <2020-10-01> patch level 4
 L3 programming layer <2021-01-09> xparse <2020-03-03> File ignored
)
! Emergency stop.
<*> output.tex
              
*** (job aborted, no legal \end found)

 
Here is how much of TeX's memory you used:
 17 strings out of 480726
 501 string characters out of 5907434
 267030 words of memory out of 5000000
 17069 multiletter control sequences out of 15000+600000
 403430 words of font info for 27 fonts, out of 8000000 for 9000
 430 hyphenation exceptions out of 8191
 13i,0n,15p,90b,10s stack positions out of 5000i,500n,10000p,200000b,80000s
!  ==> Fatal error occurred, no output PDF file produced!
